{"contracts/interfaces/IProjectMarket.sol":{"l":{},"path":"/Users/poom-work/codingZone/solaraconnect/contracts/contracts/interfaces/IProjectMarket.sol","s":{},"b":{},"f":{},"fnMap":{},"statementMap":{},"branchMap":{}},"contracts/interfaces/IProjectMarketFactory.sol":{"l":{},"path":"/Users/poom-work/codingZone/solaraconnect/contracts/contracts/interfaces/IProjectMarketFactory.sol","s":{},"b":{},"f":{},"fnMap":{},"statementMap":{},"branchMap":{}},"contracts/mocks/MockUSDC.sol":{"l":{"10":66,"14":180,"18":0},"path":"/Users/poom-work/codingZone/solaraconnect/contracts/contracts/mocks/MockUSDC.sol","s":{"1":180,"2":0},"b":{},"f":{"1":66,"2":180,"3":0},"fnMap":{"1":{"name":"constructor","line":9,"loc":{"start":{"line":9,"column":4},"end":{"line":11,"column":4}}},"2":{"name":"mint","line":13,"loc":{"start":{"line":13,"column":4},"end":{"line":15,"column":4}}},"3":{"name":"decimals","line":17,"loc":{"start":{"line":17,"column":4},"end":{"line":19,"column":4}}}},"statementMap":{"1":{"start":{"line":14,"column":8},"end":{"line":14,"column":24}},"2":{"start":{"line":18,"column":8},"end":{"line":18,"column":24}}},"branchMap":{}},"contracts/ProjectMarket.sol":{"l":{"33":192,"34":182,"38":26,"39":25,"55":66,"56":66,"57":66,"58":66,"59":66,"61":66,"62":66,"64":66,"65":66,"67":66,"81":66,"85":54,"86":53,"87":52,"89":52,"91":52,"92":52,"93":52,"95":52,"99":6,"100":5,"102":4,"103":4,"104":4,"105":4,"107":4,"111":22,"113":21,"115":21,"117":21,"121":17,"122":1,"125":16,"126":16,"128":15,"129":15,"130":15,"132":14,"134":14,"135":14,"136":14,"139":14,"141":14,"142":14,"146":49,"147":49,"151":33,"152":32,"153":32,"154":32,"158":9,"159":8,"160":8,"164":9,"165":9,"169":11,"173":4,"177":6},"path":"/Users/poom-work/codingZone/solaraconnect/contracts/contracts/ProjectMarket.sol","s":{"1":192,"2":26,"3":66,"4":0,"5":66,"6":0,"7":66,"8":0,"9":66,"10":0,"11":66,"12":0,"13":66,"14":66,"15":54,"16":53,"17":1,"18":52,"19":52,"20":52,"21":52,"22":6,"23":5,"24":4,"25":4,"26":4,"27":22,"28":21,"29":21,"30":17,"31":16,"32":16,"33":15,"34":15,"35":15,"36":1,"37":14,"38":14,"39":14,"40":14,"41":14,"42":14,"43":49,"44":33,"45":32,"46":9,"47":8,"48":9,"49":11,"50":4,"51":6},"b":{"1":[10,182],"2":[1,25],"3":[0,66],"4":[0,66],"5":[0,66],"6":[0,66],"7":[0,66],"8":[57,0],"9":[54,3],"10":[1,53],"11":[1,52],"12":[0,52],"13":[8,0],"14":[6,2],"15":[1,5],"16":[1,4],"17":[26,0],"18":[25,1],"19":[22,3],"20":[1,21],"21":[17,0],"22":[1,16],"23":[1,15],"24":[1,14],"25":[14,0],"26":[0,14],"27":[50,2],"28":[49,1],"29":[33,1],"30":[33,0],"31":[1,32],"32":[10,1],"33":[9,1],"34":[1,8],"35":[9,1],"36":[9,0]},"f":{"1":192,"2":26,"3":66,"4":54,"5":6,"6":22,"7":17,"8":49,"9":33,"10":9,"11":9,"12":11,"13":4,"14":6},"fnMap":{"1":{"name":"onlyStatus","line":32,"loc":{"start":{"line":32,"column":4},"end":{"line":35,"column":4}}},"2":{"name":"onlyHomeowner","line":37,"loc":{"start":{"line":37,"column":4},"end":{"line":40,"column":4}}},"3":{"name":"constructor","line":54,"loc":{"start":{"line":42,"column":4},"end":{"line":82,"column":4}}},"4":{"name":"deposit","line":84,"loc":{"start":{"line":84,"column":4},"end":{"line":96,"column":4}}},"5":{"name":"withdraw","line":98,"loc":{"start":{"line":98,"column":4},"end":{"line":108,"column":4}}},"6":{"name":"repay","line":110,"loc":{"start":{"line":110,"column":4},"end":{"line":118,"column":4}}},"7":{"name":"claimRewards","line":120,"loc":{"start":{"line":120,"column":4},"end":{"line":143,"column":4}}},"8":{"name":"startFunding","line":145,"loc":{"start":{"line":145,"column":4},"end":{"line":148,"column":4}}},"9":{"name":"activate","line":150,"loc":{"start":{"line":150,"column":4},"end":{"line":155,"column":4}}},"10":{"name":"finalizeProject","line":157,"loc":{"start":{"line":157,"column":4},"end":{"line":161,"column":4}}},"11":{"name":"markDefaulted","line":163,"loc":{"start":{"line":163,"column":4},"end":{"line":166,"column":4}}},"12":{"name":"getProjectInfo","line":168,"loc":{"start":{"line":168,"column":4},"end":{"line":170,"column":4}}},"13":{"name":"getInvestorInfo","line":172,"loc":{"start":{"line":172,"column":4},"end":{"line":174,"column":4}}},"14":{"name":"status","line":176,"loc":{"start":{"line":176,"column":4},"end":{"line":178,"column":4}}}},"statementMap":{"1":{"start":{"line":33,"column":8},"end":{"line":33,"column":62}},"2":{"start":{"line":38,"column":8},"end":{"line":38,"column":67}},"3":{"start":{"line":55,"column":8},"end":{"line":55,"column":57}},"4":{"start":{"line":55,"column":34},"end":{"line":55,"column":56}},"5":{"start":{"line":56,"column":8},"end":{"line":56,"column":55}},"6":{"start":{"line":56,"column":33},"end":{"line":56,"column":54}},"7":{"start":{"line":57,"column":8},"end":{"line":57,"column":65}},"8":{"start":{"line":57,"column":38},"end":{"line":57,"column":64}},"9":{"start":{"line":58,"column":8},"end":{"line":58,"column":60}},"10":{"start":{"line":58,"column":32},"end":{"line":58,"column":59}},"11":{"start":{"line":59,"column":8},"end":{"line":59,"column":58}},"12":{"start":{"line":59,"column":28},"end":{"line":59,"column":57}},"13":{"start":{"line":64,"column":8},"end":{"line":64,"column":45}},"14":{"start":{"line":65,"column":8},"end":{"line":65,"column":41}},"15":{"start":{"line":85,"column":8},"end":{"line":85,"column":44}},"16":{"start":{"line":86,"column":8},"end":{"line":86,"column":91}},"17":{"start":{"line":86,"column":67},"end":{"line":86,"column":90}},"18":{"start":{"line":87,"column":8},"end":{"line":87,"column":77}},"19":{"start":{"line":89,"column":8},"end":{"line":89,"column":63}},"20":{"start":{"line":93,"column":8},"end":{"line":93,"column":32}},"21":{"start":{"line":95,"column":8},"end":{"line":95,"column":42}},"22":{"start":{"line":99,"column":8},"end":{"line":99,"column":44}},"23":{"start":{"line":100,"column":8},"end":{"line":100,"column":72}},"24":{"start":{"line":104,"column":8},"end":{"line":104,"column":32}},"25":{"start":{"line":105,"column":8},"end":{"line":105,"column":44}},"26":{"start":{"line":107,"column":8},"end":{"line":107,"column":42}},"27":{"start":{"line":111,"column":8},"end":{"line":111,"column":44}},"28":{"start":{"line":113,"column":8},"end":{"line":113,"column":63}},"29":{"start":{"line":117,"column":8},"end":{"line":117,"column":39}},"30":{"start":{"line":121,"column":8},"end":{"line":121,"column":3939}},"31":{"start":{"line":125,"column":8},"end":{"line":125,"column":62}},"32":{"start":{"line":126,"column":8},"end":{"line":126,"column":65}},"33":{"start":{"line":128,"column":8},"end":{"line":128,"column":100}},"34":{"start":{"line":129,"column":8},"end":{"line":129,"column":61}},"35":{"start":{"line":130,"column":8},"end":{"line":130,"column":53}},"36":{"start":{"line":130,"column":27},"end":{"line":130,"column":52}},"37":{"start":{"line":134,"column":8},"end":{"line":134,"column":49}},"38":{"start":{"line":135,"column":8},"end":{"line":135,"column":4534}},"39":{"start":{"line":136,"column":12},"end":{"line":136,"column":39}},"40":{"start":{"line":139,"column":8},"end":{"line":139,"column":46}},"41":{"start":{"line":141,"column":8},"end":{"line":141,"column":109}},"42":{"start":{"line":142,"column":8},"end":{"line":142,"column":65}},"43":{"start":{"line":147,"column":8},"end":{"line":147,"column":49}},"44":{"start":{"line":151,"column":8},"end":{"line":151,"column":79}},"45":{"start":{"line":154,"column":8},"end":{"line":154,"column":48}},"46":{"start":{"line":158,"column":8},"end":{"line":158,"column":79}},"47":{"start":{"line":160,"column":8},"end":{"line":160,"column":48}},"48":{"start":{"line":165,"column":8},"end":{"line":165,"column":51}},"49":{"start":{"line":169,"column":8},"end":{"line":169,"column":23}},"50":{"start":{"line":173,"column":8},"end":{"line":173,"column":35}},"51":{"start":{"line":177,"column":8},"end":{"line":177,"column":29}}},"branchMap":{"1":{"line":33,"type":"if","locations":[{"start":{"line":33,"column":8},"end":{"line":33,"column":8}},{"start":{"line":33,"column":8},"end":{"line":33,"column":8}}]},"2":{"line":38,"type":"if","locations":[{"start":{"line":38,"column":8},"end":{"line":38,"column":8}},{"start":{"line":38,"column":8},"end":{"line":38,"column":8}}]},"3":{"line":55,"type":"if","locations":[{"start":{"line":55,"column":8},"end":{"line":55,"column":8}},{"start":{"line":55,"column":8},"end":{"line":55,"column":8}}]},"4":{"line":56,"type":"if","locations":[{"start":{"line":56,"column":8},"end":{"line":56,"column":8}},{"start":{"line":56,"column":8},"end":{"line":56,"column":8}}]},"5":{"line":57,"type":"if","locations":[{"start":{"line":57,"column":8},"end":{"line":57,"column":8}},{"start":{"line":57,"column":8},"end":{"line":57,"column":8}}]},"6":{"line":58,"type":"if","locations":[{"start":{"line":58,"column":8},"end":{"line":58,"column":8}},{"start":{"line":58,"column":8},"end":{"line":58,"column":8}}]},"7":{"line":59,"type":"if","locations":[{"start":{"line":59,"column":8},"end":{"line":59,"column":8}},{"start":{"line":59,"column":8},"end":{"line":59,"column":8}}]},"8":{"line":84,"type":"if","locations":[{"start":{"line":84,"column":46},"end":{"line":84,"column":46}},{"start":{"line":84,"column":46},"end":{"line":84,"column":46}}]},"9":{"line":84,"type":"if","locations":[{"start":{"line":84,"column":59},"end":{"line":84,"column":59}},{"start":{"line":84,"column":59},"end":{"line":84,"column":59}}]},"10":{"line":85,"type":"if","locations":[{"start":{"line":85,"column":8},"end":{"line":85,"column":8}},{"start":{"line":85,"column":8},"end":{"line":85,"column":8}}]},"11":{"line":86,"type":"if","locations":[{"start":{"line":86,"column":8},"end":{"line":86,"column":8}},{"start":{"line":86,"column":8},"end":{"line":86,"column":8}}]},"12":{"line":87,"type":"if","locations":[{"start":{"line":87,"column":8},"end":{"line":87,"column":8}},{"start":{"line":87,"column":8},"end":{"line":87,"column":8}}]},"13":{"line":98,"type":"if","locations":[{"start":{"line":98,"column":47},"end":{"line":98,"column":47}},{"start":{"line":98,"column":47},"end":{"line":98,"column":47}}]},"14":{"line":98,"type":"if","locations":[{"start":{"line":98,"column":60},"end":{"line":98,"column":60}},{"start":{"line":98,"column":60},"end":{"line":98,"column":60}}]},"15":{"line":99,"type":"if","locations":[{"start":{"line":99,"column":8},"end":{"line":99,"column":8}},{"start":{"line":99,"column":8},"end":{"line":99,"column":8}}]},"16":{"line":100,"type":"if","locations":[{"start":{"line":100,"column":8},"end":{"line":100,"column":8}},{"start":{"line":100,"column":8},"end":{"line":100,"column":8}}]},"17":{"line":110,"type":"if","locations":[{"start":{"line":110,"column":44},"end":{"line":110,"column":44}},{"start":{"line":110,"column":44},"end":{"line":110,"column":44}}]},"18":{"line":110,"type":"if","locations":[{"start":{"line":110,"column":57},"end":{"line":110,"column":57}},{"start":{"line":110,"column":57},"end":{"line":110,"column":57}}]},"19":{"line":110,"type":"if","locations":[{"start":{"line":110,"column":71},"end":{"line":110,"column":71}},{"start":{"line":110,"column":71},"end":{"line":110,"column":71}}]},"20":{"line":111,"type":"if","locations":[{"start":{"line":111,"column":8},"end":{"line":111,"column":8}},{"start":{"line":111,"column":8},"end":{"line":111,"column":8}}]},"21":{"line":120,"type":"if","locations":[{"start":{"line":120,"column":37},"end":{"line":120,"column":37}},{"start":{"line":120,"column":37},"end":{"line":120,"column":37}}]},"22":{"line":121,"type":"if","locations":[{"start":{"line":121,"column":8},"end":{"line":121,"column":8}},{"start":{"line":121,"column":8},"end":{"line":121,"column":8}}]},"23":{"line":126,"type":"if","locations":[{"start":{"line":126,"column":8},"end":{"line":126,"column":8}},{"start":{"line":126,"column":8},"end":{"line":126,"column":8}}]},"24":{"line":130,"type":"if","locations":[{"start":{"line":130,"column":8},"end":{"line":130,"column":8}},{"start":{"line":130,"column":8},"end":{"line":130,"column":8}}]},"25":{"line":135,"type":"if","locations":[{"start":{"line":135,"column":8},"end":{"line":135,"column":8}},{"start":{"line":135,"column":8},"end":{"line":135,"column":8}}]},"26":{"line":141,"type":"if","locations":[{"start":{"line":141,"column":69},"end":{"line":141,"column":104}},{"start":{"line":141,"column":108},"end":{"line":141,"column":108}}]},"27":{"line":145,"type":"if","locations":[{"start":{"line":145,"column":37},"end":{"line":145,"column":37}},{"start":{"line":145,"column":37},"end":{"line":145,"column":37}}]},"28":{"line":145,"type":"if","locations":[{"start":{"line":145,"column":62},"end":{"line":145,"column":62}},{"start":{"line":145,"column":62},"end":{"line":145,"column":62}}]},"29":{"line":150,"type":"if","locations":[{"start":{"line":150,"column":33},"end":{"line":150,"column":33}},{"start":{"line":150,"column":33},"end":{"line":150,"column":33}}]},"30":{"line":150,"type":"if","locations":[{"start":{"line":150,"column":58},"end":{"line":150,"column":58}},{"start":{"line":150,"column":58},"end":{"line":150,"column":58}}]},"31":{"line":151,"type":"if","locations":[{"start":{"line":151,"column":8},"end":{"line":151,"column":8}},{"start":{"line":151,"column":8},"end":{"line":151,"column":8}}]},"32":{"line":157,"type":"if","locations":[{"start":{"line":157,"column":40},"end":{"line":157,"column":40}},{"start":{"line":157,"column":40},"end":{"line":157,"column":40}}]},"33":{"line":157,"type":"if","locations":[{"start":{"line":157,"column":65},"end":{"line":157,"column":65}},{"start":{"line":157,"column":65},"end":{"line":157,"column":65}}]},"34":{"line":158,"type":"if","locations":[{"start":{"line":158,"column":8},"end":{"line":158,"column":8}},{"start":{"line":158,"column":8},"end":{"line":158,"column":8}}]},"35":{"line":163,"type":"if","locations":[{"start":{"line":163,"column":38},"end":{"line":163,"column":38}},{"start":{"line":163,"column":38},"end":{"line":163,"column":38}}]},"36":{"line":163,"type":"if","locations":[{"start":{"line":163,"column":63},"end":{"line":163,"column":63}},{"start":{"line":163,"column":63},"end":{"line":163,"column":63}}]}}},"contracts/ProjectMarketFactory.sol":{"l":{"21":7,"22":6,"26":10,"27":10,"28":10,"32":1,"43":6,"44":5,"46":4,"48":4,"49":4,"51":4,"65":4,"66":4,"68":4,"77":4,"81":3,"82":2,"86":3,"90":8,"91":2,"92":2,"93":2,"94":2,"95":2,"97":2,"98":2,"99":2,"100":2,"101":2,"103":2},"path":"/Users/poom-work/codingZone/solaraconnect/contracts/contracts/ProjectMarketFactory.sol","s":{"1":7,"2":10,"3":10,"4":1,"5":6,"6":5,"7":4,"8":4,"9":4,"10":4,"11":4,"12":4,"13":4,"14":3,"15":1,"16":2,"17":3,"18":8,"19":6,"20":2,"21":2,"22":2,"23":2,"24":2,"25":2},"b":{"1":[1,6],"2":[0,10],"3":[6,1],"4":[1,5],"5":[1,4],"6":[1,2],"7":[6,2]},"f":{"1":7,"2":10,"3":1,"4":6,"5":3,"6":3,"7":8},"fnMap":{"1":{"name":"onlyAdmin","line":20,"loc":{"start":{"line":20,"column":4},"end":{"line":23,"column":4}}},"2":{"name":"constructor","line":25,"loc":{"start":{"line":25,"column":4},"end":{"line":29,"column":4}}},"3":{"name":"usdcToken","line":31,"loc":{"start":{"line":31,"column":4},"end":{"line":33,"column":4}}},"4":{"name":"createProject","line":42,"loc":{"start":{"line":35,"column":4},"end":{"line":78,"column":4}}},"5":{"name":"getProject","line":80,"loc":{"start":{"line":80,"column":4},"end":{"line":83,"column":4}}},"6":{"name":"getProjectCount","line":85,"loc":{"start":{"line":85,"column":4},"end":{"line":87,"column":4}}},"7":{"name":"_toString","line":89,"loc":{"start":{"line":89,"column":4},"end":{"line":104,"column":4}}}},"statementMap":{"1":{"start":{"line":21,"column":8},"end":{"line":21,"column":71}},"2":{"start":{"line":26,"column":8},"end":{"line":26,"column":53}},"3":{"start":{"line":28,"column":8},"end":{"line":28,"column":49}},"4":{"start":{"line":32,"column":8},"end":{"line":32,"column":34}},"5":{"start":{"line":43,"column":8},"end":{"line":43,"column":58}},"6":{"start":{"line":44,"column":8},"end":{"line":44,"column":51}},"7":{"start":{"line":46,"column":8},"end":{"line":46,"column":42}},"8":{"start":{"line":48,"column":8},"end":{"line":48,"column":91}},"9":{"start":{"line":49,"column":8},"end":{"line":49,"column":86}},"10":{"start":{"line":51,"column":8},"end":{"line":51,"column":1526}},"11":{"start":{"line":65,"column":8},"end":{"line":65,"column":38}},"12":{"start":{"line":68,"column":8},"end":{"line":68,"column":1919}},"13":{"start":{"line":77,"column":8},"end":{"line":77,"column":30}},"14":{"start":{"line":81,"column":8},"end":{"line":81,"column":68}},"15":{"start":{"line":81,"column":39},"end":{"line":81,"column":67}},"16":{"start":{"line":82,"column":8},"end":{"line":82,"column":31}},"17":{"start":{"line":86,"column":8},"end":{"line":86,"column":31}},"18":{"start":{"line":90,"column":8},"end":{"line":90,"column":34}},"19":{"start":{"line":90,"column":24},"end":{"line":90,"column":34}},"20":{"start":{"line":91,"column":8},"end":{"line":91,"column":28}},"21":{"start":{"line":92,"column":8},"end":{"line":92,"column":22}},"22":{"start":{"line":93,"column":8},"end":{"line":93,"column":2597}},"23":{"start":{"line":97,"column":8},"end":{"line":97,"column":47}},"24":{"start":{"line":98,"column":8},"end":{"line":98,"column":2730}},"25":{"start":{"line":103,"column":8},"end":{"line":103,"column":29}}},"branchMap":{"1":{"line":21,"type":"if","locations":[{"start":{"line":21,"column":8},"end":{"line":21,"column":8}},{"start":{"line":21,"column":8},"end":{"line":21,"column":8}}]},"2":{"line":26,"type":"if","locations":[{"start":{"line":26,"column":8},"end":{"line":26,"column":8}},{"start":{"line":26,"column":8},"end":{"line":26,"column":8}}]},"3":{"line":42,"type":"if","locations":[{"start":{"line":42,"column":15},"end":{"line":42,"column":15}},{"start":{"line":42,"column":15},"end":{"line":42,"column":15}}]},"4":{"line":43,"type":"if","locations":[{"start":{"line":43,"column":8},"end":{"line":43,"column":8}},{"start":{"line":43,"column":8},"end":{"line":43,"column":8}}]},"5":{"line":44,"type":"if","locations":[{"start":{"line":44,"column":8},"end":{"line":44,"column":8}},{"start":{"line":44,"column":8},"end":{"line":44,"column":8}}]},"6":{"line":81,"type":"if","locations":[{"start":{"line":81,"column":8},"end":{"line":81,"column":8}},{"start":{"line":81,"column":8},"end":{"line":81,"column":8}}]},"7":{"line":90,"type":"if","locations":[{"start":{"line":90,"column":8},"end":{"line":90,"column":8}},{"start":{"line":90,"column":8},"end":{"line":90,"column":8}}]}}}}